#
# A fatal error has been detected by the Java Runtime Environment:
#
#  EXCEPTION_ACCESS_VIOLATION (0xc0000005) at pc=0x6d93d721, pid=3688, tid=5000
#
# JRE version: 6.0_31-b05
# Java VM: Java HotSpot(TM) Client VM (20.6-b01 mixed mode, sharing windows-x86 )
# Problematic frame:
# V  [jvm.dll+0x7d721]
#
# If you would like to submit a bug report, please visit:
#   http://java.sun.com/webapps/bugreport/crash.jsp
#

---------------  T H R E A D  ---------------

Current thread (0x01940800):  VMThread [stack: 0x03b20000,0x03b70000] [id=5000]

siginfo: ExceptionCode=0xc0000005, reading address 0x01000721

Registers:
EAX=0x2c590600, EBX=0x3840de20, ECX=0x00000000, EDX=0x010006b9
ESP=0x03b6fb04, EBP=0x03b6fb1c, ESI=0x33d53268, EDI=0x2904afc0
EIP=0x6d93d721, EFLAGS=0x00010293

Top of Stack: (sp=0x03b6fb04)
0x03b6fb04:   33e9c080 000003fe 00000000 3840de28
0x03b6fb14:   2904afec 00000003 03b6fb3c 6d9f8653
0x03b6fb24:   2904afa8 6db30f08 38a1af88 001dda80
0x03b6fb34:   00000003 03b6fb48 03b6fb48 6d9f89e2
0x03b6fb44:   6db30f08 03b6fb5c 6d9299a4 6db3f158
0x03b6fb54:   6db30f08 001dda80 03b6fb78 6d925e79
0x03b6fb64:   6db30f08 00000000 6db30f08 6db30f08
0x03b6fb74:   001dda80 03b6fbb8 6d9202a0 00000001 

Instructions: (pc=0x6d93d721)
0x6d93d701:   16 8a 0d b9 5b b2 6d 84 c9 8b c8 75 08 80 e1 07
0x6d93d711:   80 f9 01 eb 19 83 e1 07 83 f9 05 74 24 8b 56 04
0x6d93d721:   8b 52 68 83 e2 07 80 fa 05 74 0c 83 f9 01 75 07
0x6d93d731:   a9 80 ff ff ff 74 0a 50 56 e8 b1 aa 0b 00 83 c4 


Register to memory mapping:

EAX=0x2c590600 is an unallocated location in the heap
EBX=0x3840de20 is an oop
{instance class} 
 - klass: {other class}
ECX=0x00000000 is an unknown value
EDX=0x010006b9 is an unknown value
ESP=0x03b6fb04 is an unknown value
EBP=0x03b6fb1c is an unknown value
ESI=0x33d53268 is an oop
{constMethod} 
 - klass: {other class}
 - method:       0x33d533d8 {method} 'getActiveProfiles' '(Ljava/util/Collection;Lorg/apache/maven/model/profile/ProfileActivationContext;Lorg/apache/maven/model/building/ModelProblemCollector;)Ljava/util/List;' in 'org/apache/maven/model/profile/DefaultProfileSelector'
 - exceptions:   0x379f0068
bci_from(33D53268) = 16; print_codes():
EDI=0x2904afc0 is an oop
java.lang.reflect.Field 
 - klass: 'java/lang/reflect/Field'


Stack: [0x03b20000,0x03b70000],  sp=0x03b6fb04,  free space=318k
Native frames: (J=compiled Java code, j=interpreted, Vv=VM code, C=native code)
V  [jvm.dll+0x7d721]
V  [jvm.dll+0x138653]
V  [jvm.dll+0x1389e2]
V  [jvm.dll+0x699a4]
V  [jvm.dll+0x65e79]
V  [jvm.dll+0x602a0]
V  [jvm.dll+0x620a0]
V  [jvm.dll+0x62500]
V  [jvm.dll+0x6109a]
V  [jvm.dll+0x68462]
V  [jvm.dll+0x5fcf8]
V  [jvm.dll+0x600f1]
V  [jvm.dll+0x13b069]
V  [jvm.dll+0x11d8d3]
V  [jvm.dll+0x11cb9e]
V  [jvm.dll+0x11cec2]
V  [jvm.dll+0x11d2d2]
V  [jvm.dll+0x140ffc]
C  [msvcr71.dll+0x9565]  endthreadex+0xa0
C  [kernel32.dll+0x51174]  BaseThreadInitThunk+0x12
C  [ntdll.dll+0x5b3f5]  RtlInitializeExceptionChain+0x63
C  [ntdll.dll+0x5b3c8]  RtlInitializeExceptionChain+0x36

VM_Operation (0x001bf14c): GenCollectFull, mode: safepoint, requested by thread 0x001d9800


---------------  P R O C E S S  ---------------

Java Threads: ( => current thread )
  0x04613c00 JavaThread "Keep-Alive-Timer" daemon [_thread_blocked, id=4136, stack(0x04240000,0x04290000)]
  0x03fb8800 JavaThread "com.google.inject.internal.util.$Finalizer" daemon [_thread_blocked, id=3576, stack(0x04140000,0x04190000)]
  0x019cf000 JavaThread "Monitor Ctrl-Break" daemon [_thread_in_native, id=2460, stack(0x03ef0000,0x03f40000)]
  0x01993400 JavaThread "Low Memory Detector" daemon [_thread_blocked, id=6112, stack(0x03d00000,0x03d50000)]
  0x0198e000 JavaThread "C1 CompilerThread0" daemon [_thread_blocked, id=4688, stack(0x03cb0000,0x03d00000)]
  0x0198d000 JavaThread "Attach Listener" daemon [_thread_blocked, id=4860, stack(0x03c60000,0x03cb0000)]
  0x0198a000 JavaThread "Signal Dispatcher" daemon [_thread_blocked, id=3180, stack(0x03c10000,0x03c60000)]
  0x0197fc00 JavaThread "Finalizer" daemon [_thread_blocked, id=4420, stack(0x03bc0000,0x03c10000)]
  0x0197e800 JavaThread "Reference Handler" daemon [_thread_blocked, id=1188, stack(0x03b70000,0x03bc0000)]
  0x001d9800 JavaThread "main" [_thread_blocked, id=4508, stack(0x00170000,0x001c0000)]

Other Threads:
=>0x01940800 VMThread [stack: 0x03b20000,0x03b70000] [id=5000]
  0x019a4800 WatcherThread [stack: 0x03d50000,0x03da0000] [id=5044]

VM state:at safepoint (normal execution)

VM Mutex/Monitor currently owned by a thread:  ([mutex/lock_event])
[0x001d7a28] Threads_lock - owner thread: 0x01940800
[0x001d7e38] Heap_lock - owner thread: 0x001d9800

Heap
 def new generation   total 4928K, used 3810K [0x239f0000, 0x23f40000, 0x28f40000)
  eden space 4416K,  82% used [0x239f0000, 0x23d7d6c0, 0x23e40000)
  from space 512K,  33% used [0x23e40000, 0x23e6b1b8, 0x23ec0000)
  to   space 512K,   0% used [0x23ec0000, 0x23ec0000, 0x23f40000)
 tenured generation   total 10944K, used 4867K [0x28f40000, 0x299f0000, 0x339f0000)
   the space 10944K,  44% used [0x28f40000, 0x29400cc8, 0x29400e00, 0x299f0000)
 compacting perm gen  total 12288K, used 6870K [0x339f0000, 0x345f0000, 0x379f0000)
   the space 12288K,  55% used [0x339f0000, 0x340a5a78, 0x340a5c00, 0x345f0000)
    ro space 10240K,  54% used [0x379f0000, 0x37f6ee00, 0x37f6ee00, 0x383f0000)
    rw space 12288K,  55% used [0x383f0000, 0x38a92800, 0x38a92800, 0x38ff0000)

Code Cache  [0x01a10000, 0x01bf0000, 0x03a10000)
 total_blobs=1046 nmethods=899 adapters=82 free_code_cache=31617152 largest_free_block=384

Dynamic libraries:
0x00400000 - 0x00425000 	c:\program files\jetbrains\intellij idea 11.1.1\jre\jre\bin\java.exe
0x76d90000 - 0x76ecc000 	C:\Windows\SYSTEM32\ntdll.dll
0x76470000 - 0x76544000 	C:\Windows\system32\kernel32.dll
0x74fa0000 - 0x74fea000 	C:\Windows\system32\KERNELBASE.dll
0x766e0000 - 0x76780000 	C:\Windows\system32\ADVAPI32.dll
0x75220000 - 0x752cc000 	C:\Windows\system32\msvcrt.dll
0x76a70000 - 0x76a89000 	C:\Windows\SYSTEM32\sechost.dll
0x76ee0000 - 0x76f81000 	C:\Windows\system32\RPCRT4.dll
0x7c340000 - 0x7c396000 	c:\program files\jetbrains\intellij idea 11.1.1\jre\jre\bin\msvcr71.dll
0x6d8c0000 - 0x6db6f000 	c:\program files\jetbrains\intellij idea 11.1.1\jre\jre\bin\client\jvm.dll
0x769a0000 - 0x76a69000 	C:\Windows\system32\USER32.dll
0x755d0000 - 0x7561e000 	C:\Windows\system32\GDI32.dll
0x76ed0000 - 0x76eda000 	C:\Windows\system32\LPK.dll
0x75380000 - 0x7541d000 	C:\Windows\system32\USP10.dll
0x73460000 - 0x73492000 	C:\Windows\system32\WINMM.dll
0x76c50000 - 0x76c6f000 	C:\Windows\system32\IMM32.DLL
0x756b0000 - 0x7577c000 	C:\Windows\system32\MSCTF.dll
0x74e20000 - 0x74e6b000 	C:\Windows\system32\apphelp.dll
0x6d870000 - 0x6d87c000 	c:\program files\jetbrains\intellij idea 11.1.1\jre\jre\bin\verify.dll
0x6d3d0000 - 0x6d3ef000 	c:\program files\jetbrains\intellij idea 11.1.1\jre\jre\bin\java.dll
0x6d8b0000 - 0x6d8bf000 	c:\program files\jetbrains\intellij idea 11.1.1\jre\jre\bin\zip.dll
0x10000000 - 0x10007000 	C:\Program Files\JetBrains\IntelliJ IDEA 11.1.1\bin\breakgen.dll
0x6d6b0000 - 0x6d6c3000 	C:\Program Files\JetBrains\IntelliJ IDEA 11.1.1\jre\jre\bin\net.dll
0x75340000 - 0x75375000 	C:\Windows\system32\WS2_32.dll
0x75780000 - 0x75786000 	C:\Windows\system32\NSI.dll
0x74960000 - 0x7499c000 	C:\Windows\system32\mswsock.dll
0x74950000 - 0x74956000 	C:\Windows\System32\wship6.dll
0x744a0000 - 0x744a5000 	C:\Windows\System32\wshtcpip.dll
0x6d6d0000 - 0x6d6d9000 	C:\Program Files\JetBrains\IntelliJ IDEA 11.1.1\jre\jre\bin\nio.dll
0x749a0000 - 0x749b6000 	C:\Windows\system32\CRYPTSP.dll
0x74740000 - 0x7477b000 	C:\Windows\system32\rsaenh.dll
0x74570000 - 0x74587000 	C:\Windows\system32\USERENV.dll
0x74f20000 - 0x74f2b000 	C:\Windows\system32\profapi.dll
0x74e70000 - 0x74e7c000 	C:\Windows\system32\CRYPTBASE.dll
0x73550000 - 0x73560000 	C:\Windows\system32\NLAapi.dll
0x74820000 - 0x74864000 	C:\Windows\system32\DNSAPI.dll
0x6ff70000 - 0x6ff78000 	C:\Windows\System32\winrnr.dll
0x6ff60000 - 0x6ff70000 	C:\Windows\system32\napinsp.dll
0x6ff20000 - 0x6ff32000 	C:\Windows\system32\pnrpnsp.dll
0x72c10000 - 0x72c2c000 	C:\Windows\system32\IPHLPAPI.DLL
0x72ac0000 - 0x72ac7000 	C:\Windows\system32\WINNSI.DLL
0x6ff80000 - 0x6ff86000 	C:\Windows\system32\rasadhlp.dll
0x72a80000 - 0x72ab8000 	C:\Windows\System32\fwpuclnt.dll
0x76550000 - 0x76555000 	C:\Windows\system32\PSAPI.DLL

VM Arguments:
jvm_args: -Dclassworlds.conf=E:\tool\apache-maven-3.0.3\bin\m2.conf -Dmaven.home=E:\tool\apache-maven-3.0.3 -Didea.launcher.port=7540 -Didea.launcher.bin.path=C:\Program Files\JetBrains\IntelliJ IDEA 11.1.1\bin -Dfile.encoding=UTF-8 
java_command: com.intellij.rt.execution.application.AppMain org.codehaus.classworlds.Launcher --no-plugin-registry --fail-fast --no-plugin-updates --strict-checksums --update-snapshots -f D:\working\workspace_dis\Stafflink_ESB_Staff\pom.xml clean
Launcher Type: SUN_STANDARD

Environment Variables:
JAVA_HOME=C:\Program Files\Java\jdk1.6.0_26
PATH=C:\Program Files\JetBrains\IntelliJ IDEA 11.1.1\bin\..\.\bin;C:\Program Files\SenchaSDKTools-2.0.0-beta3;C:\Program Files\Windows Resource Kits\Tools\;C:\Windows\system32;C:\Windows;C:\Windows\System32\Wbem;C:\Windows\System32\WindowsPowerShell\v1.0\;C:\Program Files\Java\jdk1.6.0_26\bin;C:\Program Files\Groovy\Groovy-1.8.0\bin;C:\Program Files\TortoiseSVN\bin;E:\tool\apache-karaf-2.2.4\bin;E:\tool\apache-maven-3.0.3\bin;ERVICEMIX_HOME\bin;E:\tool\grails-1.3.7\bin;c:\program files\jetbrains\intellij idea 11.1.1\jre\jre\bin
USERNAME=tiepnm
OS=Windows_NT
PROCESSOR_IDENTIFIER=x86 Family 6 Model 23 Stepping 10, GenuineIntel



---------------  S Y S T E M  ---------------

OS: Windows 7 Build 7600 

CPU:total 2 (2 cores per cpu, 1 threads per core) family 6 model 23 stepping 10, cmov, cx8, fxsr, mmx, sse, sse2, sse3, ssse3

Memory: 4k page, physical 3659960k(1209540k free), swap 7318156k(4304564k free)

vm_info: Java HotSpot(TM) Client VM (20.6-b01) for windows-x86 JRE (1.6.0_31-b05), built on Feb  3 2012 18:44:09 by "java_re" with MS VC++ 7.1 (VS2003)

time: Thu Dec 06 10:41:51 2012
elapsed time: 14 seconds

