#
# A fatal error has been detected by the Java Runtime Environment:
#
#  EXCEPTION_ACCESS_VIOLATION (0xc0000005) at pc=0x6d8ce159, pid=2784, tid=4052
#
# JRE version: 6.0_43-b01
# Java VM: Java HotSpot(TM) Client VM (20.14-b01 mixed mode, sharing windows-x86 )
# Problematic frame:
# V  [jvm.dll+0xe159]
#
# If you would like to submit a bug report, please visit:
#   http://java.sun.com/webapps/bugreport/crash.jsp
#

---------------  T H R E A D  ---------------

Current thread (0x02451400):  VMThread [stack: 0x04570000,0x045c0000] [id=4052]

siginfo: ExceptionCode=0xc0000005, reading address 0x0000000c

Registers:
EAX=0x00000008, EBX=0x390fb760, ECX=0x247cea98, EDX=0x00000008
ESP=0x045bfb00, EBP=0x045bfb04, ESI=0x247cea98, EDI=0x0242f550
EIP=0x6d8ce159, EFLAGS=0x00010202

Top of Stack: (sp=0x045bfb00)
0x045bfb00:   247cea98 045bfb24 6d91b31f 00000008
0x045bfb10:   045bfc54 24936ab8 390fb760 0242f550
0x045bfb20:   00000008 045bfb44 6d93b661 247cea98
0x045bfb30:   2493a760 24936ab0 045bfc54 390fb770
0x045bfb40:   390fb610 045bfb64 6d928478 24936ab0
0x045bfb50:   24936abc 0242f550 045bfc54 00000000
0x045bfb60:   02430fa8 045bfb78 6d91a08d 045bfc54
0x045bfb70:   02430e70 00000000 045bfb8c 6d91f6ca 

Instructions: (pc=0x6d8ce159)
0x6d8ce139:   30 8b c1 c1 e9 02 f3 a5 8b c8 83 e1 03 f3 a4 5f
0x6d8ce149:   5e 5d c2 04 00 cc cc 55 8b ec 8b 55 08 56 8b f1
0x6d8ce159:   8b 4a 04 8b c1 c1 f8 02 85 c9 89 4d 08 7f 35 7d
0x6d8ce169:   2b 8b 76 08 8b 45 08 8b 15 d4 1c b3 6d 83 e1 3f 


Register to memory mapping:

EAX=0x00000008 is an unknown value
EBX=0x390fb760 is an oop
{instance class} 
 - klass: {other class}
ECX=0x247cea98 is an oop
[Ljava.util.HashMap$Entry; 
 - klass: 'java/util/HashMap$Entry'[]
 - length: 16
EDX=0x00000008 is an unknown value
ESP=0x045bfb00 is an unknown value
EBP=0x045bfb04 is an unknown value
ESI=0x247cea98 is an oop
[Ljava.util.HashMap$Entry; 
 - klass: 'java/util/HashMap$Entry'[]
 - length: 16
EDI=0x0242f550 is an unknown value


Stack: [0x04570000,0x045c0000],  sp=0x045bfb00,  free space=318k
Native frames: (J=compiled Java code, j=interpreted, Vv=VM code, C=native code)
V  [jvm.dll+0xe159]
V  [jvm.dll+0x5b31f]
V  [jvm.dll+0x7b661]
V  [jvm.dll+0x68478]
V  [jvm.dll+0x5a08d]
V  [jvm.dll+0x5f6ca]
V  [jvm.dll+0x5a4c7]
V  [jvm.dll+0x606e8]
V  [jvm.dll+0x583bb]
V  [jvm.dll+0x13c137]
V  [jvm.dll+0x11e523]
V  [jvm.dll+0x11d7ee]
V  [jvm.dll+0x11db12]
V  [jvm.dll+0x11df22]
V  [jvm.dll+0x14217c]
C  [msvcr71.dll+0x9565]  endthreadex+0xa0
C  [kernel32.dll+0x13677]  BaseThreadInitThunk+0x12
C  [ntdll.dll+0x39d72]  RtlInitializeExceptionChain+0x63
C  [ntdll.dll+0x39d45]  RtlInitializeExceptionChain+0x36

VM_Operation (0x002dec14): GenCollectForAllocation, mode: safepoint, requested by thread 0x0030c400


---------------  P R O C E S S  ---------------

Java Threads: ( => current thread )
  0x024d6000 JavaThread "Monitor Ctrl-Break" daemon [_thread_in_native, id=1528, stack(0x04b20000,0x04b70000)]
  0x024a9400 JavaThread "Low Memory Detector" daemon [_thread_blocked, id=2572, stack(0x048d0000,0x04920000)]
  0x024a4000 JavaThread "C1 CompilerThread0" daemon [_thread_blocked, id=3816, stack(0x04840000,0x04890000)]
  0x024a3400 JavaThread "Attach Listener" daemon [_thread_blocked, id=2832, stack(0x047b0000,0x04800000)]
  0x024a0400 JavaThread "Signal Dispatcher" daemon [_thread_blocked, id=2304, stack(0x04720000,0x04770000)]
  0x0248f000 JavaThread "Finalizer" daemon [_thread_blocked, id=540, stack(0x04690000,0x046e0000)]
  0x0248d800 JavaThread "Reference Handler" daemon [_thread_blocked, id=3252, stack(0x04600000,0x04650000)]
  0x0030c400 JavaThread "main" [_thread_blocked, id=1804, stack(0x00290000,0x002e0000)]

Other Threads:
=>0x02451400 VMThread [stack: 0x04570000,0x045c0000] [id=4052]
  0x024c3400 WatcherThread [stack: 0x04960000,0x049b0000] [id=4048]

VM state:at safepoint (normal execution)

VM Mutex/Monitor currently owned by a thread:  ([mutex/lock_event])
[0x0030a510] Threads_lock - owner thread: 0x02451400
[0x0030a920] Heap_lock - owner thread: 0x0030c400

Heap
 def new generation   total 4928K, used 4414K [0x24410000, 0x24960000, 0x29960000)
  eden space 4416K,  99% used [0x24410000, 0x2485f8b0, 0x24860000)
  from space 512K,   0% used [0x24860000, 0x24860000, 0x248e0000)
  to   space 512K,  77% used [0x248e0000, 0x24943b68, 0x24960000)
 tenured generation   total 10944K, used 0K [0x29960000, 0x2a410000, 0x34410000)
   the space 10944K,   0% used [0x29960000, 0x29960000, 0x29960200, 0x2a410000)
 compacting perm gen  total 12288K, used 689K [0x34410000, 0x35010000, 0x38410000)
   the space 12288K,   5% used [0x34410000, 0x344bc718, 0x344bc800, 0x35010000)
    ro space 10240K,  55% used [0x38410000, 0x38993320, 0x38993400, 0x38e10000)
    rw space 12288K,  55% used [0x38e10000, 0x394b6128, 0x394b6200, 0x39a10000)

Code Cache  [0x02510000, 0x025b0000, 0x04510000)
 total_blobs=229 nmethods=95 adapters=70 free_code_cache=32926208 largest_free_block=0

Dynamic libraries:
0x00400000 - 0x00425000 	C:\Program Files (x86)\Java\jdk1.6.0_43\bin\java.exe
0x77cf0000 - 0x77e70000 	C:\Windows\SysWOW64\ntdll.dll
0x75a60000 - 0x75b60000 	C:\Windows\syswow64\kernel32.dll
0x77180000 - 0x771c6000 	C:\Windows\syswow64\KERNELBASE.dll
0x75d10000 - 0x75db0000 	C:\Windows\syswow64\ADVAPI32.dll
0x77310000 - 0x773bc000 	C:\Windows\syswow64\msvcrt.dll
0x75cf0000 - 0x75d09000 	C:\Windows\SysWOW64\sechost.dll
0x75c00000 - 0x75cf0000 	C:\Windows\syswow64\RPCRT4.dll
0x75860000 - 0x758c0000 	C:\Windows\syswow64\SspiCli.dll
0x75850000 - 0x7585c000 	C:\Windows\syswow64\CRYPTBASE.dll
0x7c340000 - 0x7c396000 	C:\Program Files (x86)\Java\jdk1.6.0_43\jre\bin\msvcr71.dll
0x6d8c0000 - 0x6db70000 	C:\Program Files (x86)\Java\jdk1.6.0_43\jre\bin\client\jvm.dll
0x760c0000 - 0x761c0000 	C:\Windows\syswow64\USER32.dll
0x762a0000 - 0x76330000 	C:\Windows\syswow64\GDI32.dll
0x77cc0000 - 0x77cca000 	C:\Windows\syswow64\LPK.dll
0x759c0000 - 0x75a5d000 	C:\Windows\syswow64\USP10.dll
0x73bd0000 - 0x73c02000 	C:\Windows\system32\WINMM.dll
0x758c0000 - 0x75920000 	C:\Windows\system32\IMM32.DLL
0x761d0000 - 0x7629c000 	C:\Windows\syswow64\MSCTF.dll
0x746f0000 - 0x7473b000 	C:\Windows\system32\apphelp.dll
0x6d870000 - 0x6d87c000 	C:\Program Files (x86)\Java\jdk1.6.0_43\jre\bin\verify.dll
0x6d3d0000 - 0x6d3ef000 	C:\Program Files (x86)\Java\jdk1.6.0_43\jre\bin\java.dll
0x6d8b0000 - 0x6d8bf000 	C:\Program Files (x86)\Java\jdk1.6.0_43\jre\bin\zip.dll
0x10000000 - 0x10007000 	C:\Program Files (x86)\JetBrains\IntelliJ IDEA 12.0.2\bin\breakgen.dll
0x6d6b0000 - 0x6d6c3000 	C:\Program Files (x86)\Java\jdk1.6.0_43\jre\bin\net.dll
0x75980000 - 0x759b5000 	C:\Windows\syswow64\WS2_32.dll
0x761c0000 - 0x761c6000 	C:\Windows\syswow64\NSI.dll
0x750b0000 - 0x750ec000 	C:\Windows\system32\mswsock.dll
0x75090000 - 0x75096000 	C:\Windows\System32\wship6.dll
0x750a0000 - 0x750a5000 	C:\Windows\System32\wshtcpip.dll
0x77520000 - 0x77525000 	C:\Windows\system32\PSAPI.DLL

VM Arguments:
jvm_args: -Didea.launcher.port=7549 -Didea.launcher.bin.path=C:\Program Files (x86)\JetBrains\IntelliJ IDEA 12.0.2\bin -Dfile.encoding=UTF-8 
java_command: com.intellij.rt.execution.application.AppMain com.intellij.rt.execution.junit.JUnitStarter -ideVersion5 discorp.savings.service.TestSavingsAccountService
Launcher Type: SUN_STANDARD

Environment Variables:
JAVA_HOME=C:\Program Files (x86)\Java\jdk1.6.0_43
PATH=C:\Program Files (x86)\JetBrains\IntelliJ IDEA 12.0.2\bin\..\.\bin;C:\Program Files (x86)\Intel\iCLS Client\;C:\Program Files\Intel\iCLS Client\;C:\Windows\system32;C:\Windows;C:\Windows\System32\Wbem;C:\Windows\System32\WindowsPowerShell\v1.0\;C:\Program Files (x86)\Intel\OpenCL SDK\2.0\bin\x86;C:\Program Files (x86)\Intel\OpenCL SDK\2.0\bin\x64;C:\Program Files\Intel\Intel(R) Management Engine Components\DAL;C:\Program Files\Intel\Intel(R) Management Engine Components\IPT;C:\Program Files (x86)\Intel\Intel(R) Management Engine Components\DAL;C:\Program Files (x86)\Intel\Intel(R) Management Engine Components\IPT;C:\Program Files (x86)\Java\jdk1.6.0_43\bin;C:\apache-tomcat-7.0.37\bin;C:\apache-maven-3.0.5\bin;C:\hsqldb-2.2.9\hsqldb\bin;C:\felix-framework-4.0.2\bin;C:\Program Files\TortoiseSVN\bin;c:\program files (x86)\jetbrains\intellij idea 12.0.2\jre\jre\bin
USERNAME=khiemnt
OS=Windows_NT
PROCESSOR_IDENTIFIER=Intel64 Family 6 Model 58 Stepping 9, GenuineIntel



---------------  S Y S T E M  ---------------

OS: Windows 7 , 64 bit Build 7600 

CPU:total 4 (2 cores per cpu, 2 threads per core) family 6 model 58 stepping 9, cmov, cx8, fxsr, mmx, sse, sse2, sse3, ssse3, sse4.1, sse4.2, popcnt, ht

Memory: 4k page, physical 8054404k(6140568k free), swap 16106888k(13467372k free)

vm_info: Java HotSpot(TM) Client VM (20.14-b01) for windows-x86 JRE (1.6.0_43-b01), built on Mar  1 2013 02:51:23 by "java_re" with MS VC++ 7.1 (VS2003)

time: Fri Jun 07 11:59:19 2013
elapsed time: 0 seconds

